android/app/build/intermediates/manifest_merge_blame_file/release/processReleaseMainManifest/manifest-merger-blame-release-report.txt
1<?xml version="1.0" encoding="utf-8"?>
2<manifest xmlns:android="http://schemas.android.com/apk/res/android"
3    package="com.ecoPoints.App"
4    android:versionCode="1"
5    android:versionName="1.0" >
6
7    <uses-sdk
8        android:minSdkVersion="23"
9        android:targetSdkVersion="35" />
10    <!-- ===== PERMISOS ===== -->
11    <uses-permission android:name="android.permission.INTERNET" />
11-->src\main\AndroidManifest.xml:3:5-67
11-->src\main\AndroidManifest.xml:3:22-64
12
13    <!-- Camera -->
14    <uses-permission android:name="android.permission.CAMERA" />
14-->src\main\AndroidManifest.xml:6:5-65
14-->src\main\AndroidManifest.xml:6:22-62
15    <uses-permission android:name="android.permission.FLASHLIGHT" />
15-->src\main\AndroidManifest.xml:7:5-69
15-->src\main\AndroidManifest.xml:7:22-66
16
17    <uses-feature
17-->src\main\AndroidManifest.xml:8:5-85
18        android:name="android.hardware.camera"
18-->src\main\AndroidManifest.xml:8:19-57
19        android:required="false" />
19-->src\main\AndroidManifest.xml:8:58-82
20    <uses-feature
20-->src\main\AndroidManifest.xml:9:5-95
21        android:name="android.hardware.camera.autofocus"
21-->src\main\AndroidManifest.xml:9:19-67
22        android:required="false" />
22-->src\main\AndroidManifest.xml:9:68-92
23
24    <!-- Location -->
25    <uses-permission android:name="android.permission.ACCESS_FINE_LOCATION" />
25-->src\main\AndroidManifest.xml:12:5-79
25-->src\main\AndroidManifest.xml:12:22-76
26    <uses-permission android:name="android.permission.ACCESS_COARSE_LOCATION" />
26-->src\main\AndroidManifest.xml:13:5-81
26-->src\main\AndroidManifest.xml:13:22-78
27
28    <uses-feature android:name="android.hardware.location.gps" />
28-->src\main\AndroidManifest.xml:14:5-66
28-->src\main\AndroidManifest.xml:14:19-63
29
30    <!-- Notificaciones Android 13+ -->
31    <uses-permission android:name="android.permission.POST_NOTIFICATIONS" />
31-->src\main\AndroidManifest.xml:17:5-77
31-->src\main\AndroidManifest.xml:17:22-74
32
33    <!-- Obligatorio desde Android 12 -->
34    <uses-permission android:name="android.permission.USE_FULL_SCREEN_INTENT" />
34-->src\main\AndroidManifest.xml:20:5-81
34-->src\main\AndroidManifest.xml:20:22-78
35
36    <!-- Para escribir archivos temporales con la cámara -->
37    <uses-permission
37-->src\main\AndroidManifest.xml:23:5-107
38        android:name="android.permission.READ_EXTERNAL_STORAGE"
38-->src\main\AndroidManifest.xml:23:22-77
39        android:maxSdkVersion="32" />
39-->src\main\AndroidManifest.xml:23:78-104
40    <uses-permission
40-->src\main\AndroidManifest.xml:24:5-108
41        android:name="android.permission.WRITE_EXTERNAL_STORAGE"
41-->src\main\AndroidManifest.xml:24:22-78
42        android:maxSdkVersion="32" />
42-->src\main\AndroidManifest.xml:24:79-105
43
44    <queries>
44-->[:capacitor-camera] AndroidManifest.xml:7:5-11:15
45        <intent>
45-->[:capacitor-camera] AndroidManifest.xml:8:9-10:18
46            <action android:name="android.media.action.IMAGE_CAPTURE" />
46-->[:capacitor-camera] AndroidManifest.xml:9:13-73
46-->[:capacitor-camera] AndroidManifest.xml:9:21-70
47        </intent>
48    </queries>
49
50    <uses-permission android:name="android.permission.RECEIVE_BOOT_COMPLETED" />
50-->[:capacitor-local-notifications] AndroidManifest.xml:7:5-81
50-->[:capacitor-local-notifications] AndroidManifest.xml:7:22-78
51    <uses-permission android:name="android.permission.WAKE_LOCK" />
51-->[:capacitor-local-notifications] AndroidManifest.xml:8:5-68
51-->[:capacitor-local-notifications] AndroidManifest.xml:8:22-65
52    <uses-permission android:name="android.permission.ACCESS_NETWORK_STATE" /> <!-- Required by older versions of Google Play services to create IID tokens -->
52-->[com.google.firebase:firebase-messaging:24.1.0] AndroidManifest.xml:22:5-79
52-->[com.google.firebase:firebase-messaging:24.1.0] AndroidManifest.xml:22:22-76
53    <uses-permission android:name="com.google.android.c2dm.permission.RECEIVE" />
53-->[com.google.firebase:firebase-messaging:24.1.0] AndroidManifest.xml:26:5-82
53-->[com.google.firebase:firebase-messaging:24.1.0] AndroidManifest.xml:26:22-79
54
55    <permission
55-->[androidx.core:core:1.13.1] AndroidManifest.xml:22:5-24:47
56        android:name="com.ecoPoints.App.DYNAMIC_RECEIVER_NOT_EXPORTED_PERMISSION"
56-->[androidx.core:core:1.13.1] AndroidManifest.xml:23:9-81
57        android:protectionLevel="signature" />
57-->[androidx.core:core:1.13.1] AndroidManifest.xml:24:9-44
58
59    <uses-permission android:name="com.ecoPoints.App.DYNAMIC_RECEIVER_NOT_EXPORTED_PERMISSION" />
59-->[androidx.core:core:1.13.1] AndroidManifest.xml:26:5-97
59-->[androidx.core:core:1.13.1] AndroidManifest.xml:26:22-94
60
61    <application
61-->src\main\AndroidManifest.xml:26:5-55:19
62        android:allowBackup="true"
62-->src\main\AndroidManifest.xml:27:9-35
63        android:appComponentFactory="androidx.core.app.CoreComponentFactory"
63-->[androidx.core:core:1.13.1] AndroidManifest.xml:28:18-86
64        android:extractNativeLibs="false"
65        android:icon="@mipmap/ic_launcher"
65-->src\main\AndroidManifest.xml:28:9-43
66        android:label="@string/app_name"
66-->src\main\AndroidManifest.xml:29:9-41
67        android:requestLegacyExternalStorage="true"
67-->src\main\AndroidManifest.xml:32:9-52
68        android:roundIcon="@mipmap/ic_launcher_round"
68-->src\main\AndroidManifest.xml:30:9-54
69        android:supportsRtl="true"
69-->src\main\AndroidManifest.xml:31:9-35
70        android:theme="@style/AppTheme" >
70-->src\main\AndroidManifest.xml:33:9-40
71        <activity
71-->src\main\AndroidManifest.xml:34:9-45:20
72            android:name="com.ecoPoints.App.MainActivity"
72-->src\main\AndroidManifest.xml:36:13-58
73            android:configChanges="orientation|keyboardHidden|keyboard|screenSize|locale|smallestScreenSize|screenLayout|uiMode"
73-->src\main\AndroidManifest.xml:35:13-129
74            android:exported="true"
74-->src\main\AndroidManifest.xml:40:13-36
75            android:label="@string/title_activity_main"
75-->src\main\AndroidManifest.xml:37:13-56
76            android:launchMode="singleTask"
76-->src\main\AndroidManifest.xml:39:13-44
77            android:theme="@style/AppTheme.NoActionBarLaunch" >
77-->src\main\AndroidManifest.xml:38:13-62
78            <intent-filter>
78-->src\main\AndroidManifest.xml:41:13-44:29
79                <action android:name="android.intent.action.MAIN" />
79-->src\main\AndroidManifest.xml:42:17-69
79-->src\main\AndroidManifest.xml:42:25-66
80
81                <category android:name="android.intent.category.LAUNCHER" />
81-->src\main\AndroidManifest.xml:43:17-77
81-->src\main\AndroidManifest.xml:43:27-74
82            </intent-filter>
83        </activity>
84
85        <!-- NECESARIO para CameraPreview -->
86        <provider
87            android:name="androidx.core.content.FileProvider"
87-->src\main\AndroidManifest.xml:49:13-62
88            android:authorities="com.ecoPoints.App.fileprovider"
88-->src\main\AndroidManifest.xml:50:13-64
89            android:exported="false"
89-->src\main\AndroidManifest.xml:51:13-37
90            android:grantUriPermissions="true" >
90-->src\main\AndroidManifest.xml:52:13-47
91            <meta-data
91-->src\main\AndroidManifest.xml:53:13-112
92                android:name="android.support.FILE_PROVIDER_PATHS"
92-->src\main\AndroidManifest.xml:53:24-74
93                android:resource="@xml/file_paths" />
93-->src\main\AndroidManifest.xml:53:75-109
94        </provider>
95
96        <receiver android:name="com.capacitorjs.plugins.localnotifications.TimedNotificationPublisher" />
96-->[:capacitor-local-notifications] AndroidManifest.xml:12:9-106
96-->[:capacitor-local-notifications] AndroidManifest.xml:12:19-103
97        <receiver android:name="com.capacitorjs.plugins.localnotifications.NotificationDismissReceiver" />
97-->[:capacitor-local-notifications] AndroidManifest.xml:13:9-107
97-->[:capacitor-local-notifications] AndroidManifest.xml:13:19-104
98        <receiver
98-->[:capacitor-local-notifications] AndroidManifest.xml:14:9-23:20
99            android:name="com.capacitorjs.plugins.localnotifications.LocalNotificationRestoreReceiver"
99-->[:capacitor-local-notifications] AndroidManifest.xml:15:13-103
100            android:directBootAware="true"
100-->[:capacitor-local-notifications] AndroidManifest.xml:16:13-43
101            android:exported="false" >
101-->[:capacitor-local-notifications] AndroidManifest.xml:17:13-37
102            <intent-filter>
102-->[:capacitor-local-notifications] AndroidManifest.xml:18:13-22:29
103                <action android:name="android.intent.action.LOCKED_BOOT_COMPLETED" />
103-->[:capacitor-local-notifications] AndroidManifest.xml:19:17-86
103-->[:capacitor-local-notifications] AndroidManifest.xml:19:25-83
104                <action android:name="android.intent.action.BOOT_COMPLETED" />
104-->[:capacitor-local-notifications] AndroidManifest.xml:20:17-79
104-->[:capacitor-local-notifications] AndroidManifest.xml:20:25-76
105                <action android:name="android.intent.action.QUICKBOOT_POWERON" />
105-->[:capacitor-local-notifications] AndroidManifest.xml:21:17-82
105-->[:capacitor-local-notifications] AndroidManifest.xml:21:25-79
106            </intent-filter>
107        </receiver>
108
109        <service
109-->[:capacitor-push-notifications] AndroidManifest.xml:8:9-14:19
110            android:name="com.capacitorjs.plugins.pushnotifications.MessagingService"
110-->[:capacitor-push-notifications] AndroidManifest.xml:9:13-86
111            android:exported="false" >
111-->[:capacitor-push-notifications] AndroidManifest.xml:10:13-37
112            <intent-filter>
112-->[:capacitor-push-notifications] AndroidManifest.xml:11:13-13:29
113                <action android:name="com.google.firebase.MESSAGING_EVENT" />
113-->[:capacitor-push-notifications] AndroidManifest.xml:12:17-78
113-->[:capacitor-push-notifications] AndroidManifest.xml:12:25-75
114            </intent-filter>
115        </service>
116
117        <receiver
117-->[com.google.firebase:firebase-messaging:24.1.0] AndroidManifest.xml:29:9-40:20
118            android:name="com.google.firebase.iid.FirebaseInstanceIdReceiver"
118-->[com.google.firebase:firebase-messaging:24.1.0] AndroidManifest.xml:30:13-78
119            android:exported="true"
119-->[com.google.firebase:firebase-messaging:24.1.0] AndroidManifest.xml:31:13-36
120            android:permission="com.google.android.c2dm.permission.SEND" >
120-->[com.google.firebase:firebase-messaging:24.1.0] AndroidManifest.xml:32:13-73
121            <intent-filter>
121-->[com.google.firebase:firebase-messaging:24.1.0] AndroidManifest.xml:33:13-35:29
122                <action android:name="com.google.android.c2dm.intent.RECEIVE" />
122-->[com.google.firebase:firebase-messaging:24.1.0] AndroidManifest.xml:34:17-81
122-->[com.google.firebase:firebase-messaging:24.1.0] AndroidManifest.xml:34:25-78
123            </intent-filter>
124
125            <meta-data
125-->[com.google.firebase:firebase-messaging:24.1.0] AndroidManifest.xml:37:13-39:40
126                android:name="com.google.android.gms.cloudmessaging.FINISHED_AFTER_HANDLED"
126-->[com.google.firebase:firebase-messaging:24.1.0] AndroidManifest.xml:38:17-92
127                android:value="true" />
127-->[com.google.firebase:firebase-messaging:24.1.0] AndroidManifest.xml:39:17-37
128        </receiver>
129        <!--
130             FirebaseMessagingService performs security checks at runtime,
131             but set to not exported to explicitly avoid allowing another app to call it.
132        -->
133        <service
133-->[com.google.firebase:firebase-messaging:24.1.0] AndroidManifest.xml:46:9-53:19
134            android:name="com.google.firebase.messaging.FirebaseMessagingService"
134-->[com.google.firebase:firebase-messaging:24.1.0] AndroidManifest.xml:47:13-82
135            android:directBootAware="true"
135-->[com.google.firebase:firebase-messaging:24.1.0] AndroidManifest.xml:48:13-43
136            android:exported="false" >
136-->[com.google.firebase:firebase-messaging:24.1.0] AndroidManifest.xml:49:13-37
137            <intent-filter android:priority="-500" >
137-->[:capacitor-push-notifications] AndroidManifest.xml:11:13-13:29
138                <action android:name="com.google.firebase.MESSAGING_EVENT" />
138-->[:capacitor-push-notifications] AndroidManifest.xml:12:17-78
138-->[:capacitor-push-notifications] AndroidManifest.xml:12:25-75
139            </intent-filter>
140        </service>
141        <service
141-->[com.google.firebase:firebase-messaging:24.1.0] AndroidManifest.xml:54:9-63:19
142            android:name="com.google.firebase.components.ComponentDiscoveryService"
142-->[com.google.firebase:firebase-messaging:24.1.0] AndroidManifest.xml:55:13-84
143            android:directBootAware="true"
143-->[com.google.firebase:firebase-common:21.0.0] AndroidManifest.xml:32:13-43
144            android:exported="false" >
144-->[com.google.firebase:firebase-messaging:24.1.0] AndroidManifest.xml:56:13-37
145            <meta-data
145-->[com.google.firebase:firebase-messaging:24.1.0] AndroidManifest.xml:57:13-59:85
146                android:name="com.google.firebase.components:com.google.firebase.messaging.FirebaseMessagingKtxRegistrar"
146-->[com.google.firebase:firebase-messaging:24.1.0] AndroidManifest.xml:58:17-122
147                android:value="com.google.firebase.components.ComponentRegistrar" />
147-->[com.google.firebase:firebase-messaging:24.1.0] AndroidManifest.xml:59:17-82
148            <meta-data
148-->[com.google.firebase:firebase-messaging:24.1.0] AndroidManifest.xml:60:13-62:85
149                android:name="com.google.firebase.components:com.google.firebase.messaging.FirebaseMessagingRegistrar"
149-->[com.google.firebase:firebase-messaging:24.1.0] AndroidManifest.xml:61:17-119
150                android:value="com.google.firebase.components.ComponentRegistrar" />
150-->[com.google.firebase:firebase-messaging:24.1.0] AndroidManifest.xml:62:17-82
151            <meta-data
151-->[com.google.firebase:firebase-installations:17.2.0] AndroidManifest.xml:15:13-17:85
152                android:name="com.google.firebase.components:com.google.firebase.installations.FirebaseInstallationsKtxRegistrar"
152-->[com.google.firebase:firebase-installations:17.2.0] AndroidManifest.xml:16:17-130
153                android:value="com.google.firebase.components.ComponentRegistrar" />
153-->[com.google.firebase:firebase-installations:17.2.0] AndroidManifest.xml:17:17-82
154            <meta-data
154-->[com.google.firebase:firebase-installations:17.2.0] AndroidManifest.xml:18:13-20:85
155                android:name="com.google.firebase.components:com.google.firebase.installations.FirebaseInstallationsRegistrar"
155-->[com.google.firebase:firebase-installations:17.2.0] AndroidManifest.xml:19:17-127
156                android:value="com.google.firebase.components.ComponentRegistrar" />
156-->[com.google.firebase:firebase-installations:17.2.0] AndroidManifest.xml:20:17-82
157            <meta-data
157-->[com.google.firebase:firebase-common-ktx:21.0.0] AndroidManifest.xml:12:13-14:85
158                android:name="com.google.firebase.components:com.google.firebase.ktx.FirebaseCommonLegacyRegistrar"
158-->[com.google.firebase:firebase-common-ktx:21.0.0] AndroidManifest.xml:13:17-116
159                android:value="com.google.firebase.components.ComponentRegistrar" />
159-->[com.google.firebase:firebase-common-ktx:21.0.0] AndroidManifest.xml:14:17-82
160            <meta-data
160-->[com.google.firebase:firebase-common:21.0.0] AndroidManifest.xml:35:13-37:85
161                android:name="com.google.firebase.components:com.google.firebase.FirebaseCommonKtxRegistrar"
161-->[com.google.firebase:firebase-common:21.0.0] AndroidManifest.xml:36:17-109
162                android:value="com.google.firebase.components.ComponentRegistrar" />
162-->[com.google.firebase:firebase-common:21.0.0] AndroidManifest.xml:37:17-82
163            <meta-data
163-->[com.google.firebase:firebase-datatransport:18.2.0] AndroidManifest.xml:25:13-27:85
164                android:name="com.google.firebase.components:com.google.firebase.datatransport.TransportRegistrar"
164-->[com.google.firebase:firebase-datatransport:18.2.0] AndroidManifest.xml:26:17-115
165                android:value="com.google.firebase.components.ComponentRegistrar" />
165-->[com.google.firebase:firebase-datatransport:18.2.0] AndroidManifest.xml:27:17-82
166        </service>
167
168        <activity
168-->[com.google.android.gms:play-services-base:18.5.0] AndroidManifest.xml:5:9-173
169            android:name="com.google.android.gms.common.api.GoogleApiActivity"
169-->[com.google.android.gms:play-services-base:18.5.0] AndroidManifest.xml:5:19-85
170            android:exported="false"
170-->[com.google.android.gms:play-services-base:18.5.0] AndroidManifest.xml:5:146-170
171            android:theme="@android:style/Theme.Translucent.NoTitleBar" />
171-->[com.google.android.gms:play-services-base:18.5.0] AndroidManifest.xml:5:86-145
172
173        <provider
173-->[com.google.firebase:firebase-common:21.0.0] AndroidManifest.xml:23:9-28:39
174            android:name="com.google.firebase.provider.FirebaseInitProvider"
174-->[com.google.firebase:firebase-common:21.0.0] AndroidManifest.xml:24:13-77
175            android:authorities="com.ecoPoints.App.firebaseinitprovider"
175-->[com.google.firebase:firebase-common:21.0.0] AndroidManifest.xml:25:13-72
176            android:directBootAware="true"
176-->[com.google.firebase:firebase-common:21.0.0] AndroidManifest.xml:26:13-43
177            android:exported="false"
177-->[com.google.firebase:firebase-common:21.0.0] AndroidManifest.xml:27:13-37
178            android:initOrder="100" />
178-->[com.google.firebase:firebase-common:21.0.0] AndroidManifest.xml:28:13-36
179        <provider
179-->[androidx.emoji2:emoji2:1.2.0] AndroidManifest.xml:24:9-32:20
180            android:name="androidx.startup.InitializationProvider"
180-->[androidx.emoji2:emoji2:1.2.0] AndroidManifest.xml:25:13-67
181            android:authorities="com.ecoPoints.App.androidx-startup"
181-->[androidx.emoji2:emoji2:1.2.0] AndroidManifest.xml:26:13-68
182            android:exported="false" >
182-->[androidx.emoji2:emoji2:1.2.0] AndroidManifest.xml:27:13-37
183            <meta-data
183-->[androidx.emoji2:emoji2:1.2.0] AndroidManifest.xml:29:13-31:52
184                android:name="androidx.emoji2.text.EmojiCompatInitializer"
184-->[androidx.emoji2:emoji2:1.2.0] AndroidManifest.xml:30:17-75
185                android:value="androidx.startup" />
185-->[androidx.emoji2:emoji2:1.2.0] AndroidManifest.xml:31:17-49
186            <meta-data
186-->[androidx.lifecycle:lifecycle-process:2.6.2] AndroidManifest.xml:29:13-31:52
187                android:name="androidx.lifecycle.ProcessLifecycleInitializer"
187-->[androidx.lifecycle:lifecycle-process:2.6.2] AndroidManifest.xml:30:17-78
188                android:value="androidx.startup" />
188-->[androidx.lifecycle:lifecycle-process:2.6.2] AndroidManifest.xml:31:17-49
189            <meta-data
189-->[androidx.profileinstaller:profileinstaller:1.3.1] AndroidManifest.xml:29:13-31:52
190                android:name="androidx.profileinstaller.ProfileInstallerInitializer"
190-->[androidx.profileinstaller:profileinstaller:1.3.1] AndroidManifest.xml:30:17-85
191                android:value="androidx.startup" />
191-->[androidx.profileinstaller:profileinstaller:1.3.1] AndroidManifest.xml:31:17-49
192        </provider>
193
194        <meta-data
194-->[com.google.android.gms:play-services-basement:18.4.0] AndroidManifest.xml:6:9-122
195            android:name="com.google.android.gms.version"
195-->[com.google.android.gms:play-services-basement:18.4.0] AndroidManifest.xml:6:20-65
196            android:value="@integer/google_play_services_version" />
196-->[com.google.android.gms:play-services-basement:18.4.0] AndroidManifest.xml:6:66-119
197
198        <receiver
198-->[androidx.profileinstaller:profileinstaller:1.3.1] AndroidManifest.xml:34:9-52:20
199            android:name="androidx.profileinstaller.ProfileInstallReceiver"
199-->[androidx.profileinstaller:profileinstaller:1.3.1] AndroidManifest.xml:35:13-76
200            android:directBootAware="false"
200-->[androidx.profileinstaller:profileinstaller:1.3.1] AndroidManifest.xml:36:13-44
201            android:enabled="true"
201-->[androidx.profileinstaller:profileinstaller:1.3.1] AndroidManifest.xml:37:13-35
202            android:exported="true"
202-->[androidx.profileinstaller:profileinstaller:1.3.1] AndroidManifest.xml:38:13-36
203            android:permission="android.permission.DUMP" >
203-->[androidx.profileinstaller:profileinstaller:1.3.1] AndroidManifest.xml:39:13-57
204            <intent-filter>
204-->[androidx.profileinstaller:profileinstaller:1.3.1] AndroidManifest.xml:40:13-42:29
205                <action android:name="androidx.profileinstaller.action.INSTALL_PROFILE" />
205-->[androidx.profileinstaller:profileinstaller:1.3.1] AndroidManifest.xml:41:17-91
205-->[androidx.profileinstaller:profileinstaller:1.3.1] AndroidManifest.xml:41:25-88
206            </intent-filter>
207            <intent-filter>
207-->[androidx.profileinstaller:profileinstaller:1.3.1] AndroidManifest.xml:43:13-45:29
208                <action android:name="androidx.profileinstaller.action.SKIP_FILE" />
208-->[androidx.profileinstaller:profileinstaller:1.3.1] AndroidManifest.xml:44:17-85
208-->[androidx.profileinstaller:profileinstaller:1.3.1] AndroidManifest.xml:44:25-82
209            </intent-filter>
210            <intent-filter>
210-->[androidx.profileinstaller:profileinstaller:1.3.1] AndroidManifest.xml:46:13-48:29
211                <action android:name="androidx.profileinstaller.action.SAVE_PROFILE" />
211-->[androidx.profileinstaller:profileinstaller:1.3.1] AndroidManifest.xml:47:17-88
211-->[androidx.profileinstaller:profileinstaller:1.3.1] AndroidManifest.xml:47:25-85
212            </intent-filter>
213            <intent-filter>
213-->[androidx.profileinstaller:profileinstaller:1.3.1] AndroidManifest.xml:49:13-51:29
214                <action android:name="androidx.profileinstaller.action.BENCHMARK_OPERATION" />
214-->[androidx.profileinstaller:profileinstaller:1.3.1] AndroidManifest.xml:50:17-95
214-->[androidx.profileinstaller:profileinstaller:1.3.1] AndroidManifest.xml:50:25-92
215            </intent-filter>
216        </receiver>
217
218        <service
218-->[com.google.android.datatransport:transport-backend-cct:3.1.9] AndroidManifest.xml:28:9-34:19
219            android:name="com.google.android.datatransport.runtime.backends.TransportBackendDiscovery"
219-->[com.google.android.datatransport:transport-backend-cct:3.1.9] AndroidManifest.xml:29:13-103
220            android:exported="false" >
220-->[com.google.android.datatransport:transport-backend-cct:3.1.9] AndroidManifest.xml:30:13-37
221            <meta-data
221-->[com.google.android.datatransport:transport-backend-cct:3.1.9] AndroidManifest.xml:31:13-33:39
222                android:name="backend:com.google.android.datatransport.cct.CctBackendFactory"
222-->[com.google.android.datatransport:transport-backend-cct:3.1.9] AndroidManifest.xml:32:17-94
223                android:value="cct" />
223-->[com.google.android.datatransport:transport-backend-cct:3.1.9] AndroidManifest.xml:33:17-36
224        </service>
225        <service
225-->[com.google.android.datatransport:transport-runtime:3.1.9] AndroidManifest.xml:26:9-30:19
226            android:name="com.google.android.datatransport.runtime.scheduling.jobscheduling.JobInfoSchedulerService"
226-->[com.google.android.datatransport:transport-runtime:3.1.9] AndroidManifest.xml:27:13-117
227            android:exported="false"
227-->[com.google.android.datatransport:transport-runtime:3.1.9] AndroidManifest.xml:28:13-37
228            android:permission="android.permission.BIND_JOB_SERVICE" >
228-->[com.google.android.datatransport:transport-runtime:3.1.9] AndroidManifest.xml:29:13-69
229        </service>
230
231        <receiver
231-->[com.google.android.datatransport:transport-runtime:3.1.9] AndroidManifest.xml:32:9-34:40
232            android:name="com.google.android.datatransport.runtime.scheduling.jobscheduling.AlarmManagerSchedulerBroadcastReceiver"
232-->[com.google.android.datatransport:transport-runtime:3.1.9] AndroidManifest.xml:33:13-132
233            android:exported="false" />
233-->[com.google.android.datatransport:transport-runtime:3.1.9] AndroidManifest.xml:34:13-37
234    </application>
235
236</manifest>